[22-Jun-2026 16:30:32 Europe/Brussels] GTE READER - image_path: ././galleries/Chrono/2020-2024/2023/2023 07 - ISLANDE/2023 06 26 - Bakkagerdi/ISLANDE-20230626-0486.jpg
[22-Jun-2026 16:30:32 Europe/Brussels] GTE READER - file_exists: true
[22-Jun-2026 16:30:32 Europe/Brussels] GTE READER - exif_read_data disponible
[22-Jun-2026 16:30:32 Europe/Brussels] GTE READER - exif_read_data: pas de GPS trouvé
[22-Jun-2026 16:30:32 Europe/Brussels] GTE READER - fallback Imagick disponible
[22-Jun-2026 16:30:32 Europe/Brussels] GTE READER - Imagick: pas de GPS trouvé
[22-Jun-2026 16:30:32 Europe/Brussels] GTE READER - résultat final: {"latitude":null,"longitude":null,"altitude":null}
[22-Jun-2026 16:30:33 Europe/Brussels] PDP_ORIG --- 2026-06-22 16:30:33 id=125595
[22-Jun-2026 16:30:33 Europe/Brussels] PDP_ORIG user=Charles status=webmaster
[22-Jun-2026 16:30:33 Europe/Brussels] PDP_ORIG image : {"id":"125595","path":".\/galleries\/Chrono\/2020-2024\/2023\/2023 07 - ISLANDE\/2023 06 26 - Bakkagerdi\/ISLANDE-20230626-0486.jpg"}
[22-Jun-2026 16:30:33 Europe/Brussels] PDP_ORIG file_path : ./galleries/Chrono/2020-2024/2023/2023 07 - ISLANDE/2023 06 26 - Bakkagerdi/ISLANDE-20230626-0486.jpg
[22-Jun-2026 16:30:33 Europe/Brussels] PDP_ORIG categories : [2796,2797]
[22-Jun-2026 16:30:33 Europe/Brussels] PDP_ORIG forbidden : [104,194,195,200,212,215,216,248,251,254,259,325,326,411,436,437,439,476,482,486,489,493,495,497,557,559,588,590,592,625,628,803,810,1065,2476,2486,2507,2508,2749,2751,2752,2753,2754,2755,2756,2757,2758,2759,3330,3333,3334,3349,3350,3403,3404,3405,3406,3407,3408,3409,3410,3411,3412,3413,3414,3415,3416,3417,3418,3419,3420,3421,3422,3423,3424]
[22-Jun-2026 16:30:33 Europe/Brussels] PDP_ORIG accessible : OUI
[22-Jun-2026 16:30:33 Europe/Brussels] PDP_ORIG OK ISLANDE-20230626-0486.jpg (6057285 o)
[22-Jun-2026 16:30:37 Europe/Brussels] PDP_ORIG --- 2026-06-22 16:30:37 id=125595
[22-Jun-2026 16:30:37 Europe/Brussels] PDP_ORIG user=Charles status=webmaster
[22-Jun-2026 16:30:37 Europe/Brussels] PDP_ORIG image : {"id":"125595","path":".\/galleries\/Chrono\/2020-2024\/2023\/2023 07 - ISLANDE\/2023 06 26 - Bakkagerdi\/ISLANDE-20230626-0486.jpg"}
[22-Jun-2026 16:30:37 Europe/Brussels] PDP_ORIG file_path : ./galleries/Chrono/2020-2024/2023/2023 07 - ISLANDE/2023 06 26 - Bakkagerdi/ISLANDE-20230626-0486.jpg
[22-Jun-2026 16:30:37 Europe/Brussels] PDP_ORIG categories : [2796,2797]
[22-Jun-2026 16:30:37 Europe/Brussels] PDP_ORIG forbidden : [104,194,195,200,212,215,216,248,251,254,259,325,326,411,436,437,439,476,482,486,489,493,495,497,557,559,588,590,592,625,628,803,810,1065,2476,2486,2507,2508,2749,2751,2752,2753,2754,2755,2756,2757,2758,2759,3330,3333,3334,3349,3350,3403,3404,3405,3406,3407,3408,3409,3410,3411,3412,3413,3414,3415,3416,3417,3418,3419,3420,3421,3422,3423,3424]
[22-Jun-2026 16:30:37 Europe/Brussels] PDP_ORIG accessible : OUI
[22-Jun-2026 16:30:37 Europe/Brussels] PDP_ORIG OK ISLANDE-20230626-0486.jpg (6057285 o)
[22-Jun-2026 16:30:42 Europe/Brussels] GTE READER - image_path: ././galleries/Chrono/2020-2024/2023/2023 07 - ISLANDE/2023 06 26 - Bakkagerdi/ISLANDE-20230626-0487.jpg
[22-Jun-2026 16:30:42 Europe/Brussels] GTE READER - file_exists: true
[22-Jun-2026 16:30:42 Europe/Brussels] GTE READER - exif_read_data disponible
[22-Jun-2026 16:30:42 Europe/Brussels] GTE READER - GPS trouvé via exif_read_data
[22-Jun-2026 16:30:42 Europe/Brussels] GTE READER - résultat final: {"latitude":65.52528989992778,"longitude":-13.808912683305133,"altitude":73}
[22-Jun-2026 16:30:42 Europe/Brussels] PDP_ORIG --- 2026-06-22 16:30:42 id=125596
[22-Jun-2026 16:30:42 Europe/Brussels] PDP_ORIG user=Charles status=webmaster
[22-Jun-2026 16:30:42 Europe/Brussels] PDP_ORIG image : {"id":"125596","path":".\/galleries\/Chrono\/2020-2024\/2023\/2023 07 - ISLANDE\/2023 06 26 - Bakkagerdi\/ISLANDE-20230626-0487.jpg"}
[22-Jun-2026 16:30:42 Europe/Brussels] PDP_ORIG file_path : ./galleries/Chrono/2020-2024/2023/2023 07 - ISLANDE/2023 06 26 - Bakkagerdi/ISLANDE-20230626-0487.jpg
[22-Jun-2026 16:30:42 Europe/Brussels] PDP_ORIG categories : [2796,2797]
[22-Jun-2026 16:30:42 Europe/Brussels] PDP_ORIG forbidden : [104,194,195,200,212,215,216,248,251,254,259,325,326,411,436,437,439,476,482,486,489,493,495,497,557,559,588,590,592,625,628,803,810,1065,2476,2486,2507,2508,2749,2751,2752,2753,2754,2755,2756,2757,2758,2759,3330,3333,3334,3349,3350,3403,3404,3405,3406,3407,3408,3409,3410,3411,3412,3413,3414,3415,3416,3417,3418,3419,3420,3421,3422,3423,3424]
[22-Jun-2026 16:30:42 Europe/Brussels] PDP_ORIG accessible : OUI
[22-Jun-2026 16:30:42 Europe/Brussels] PDP_ORIG OK ISLANDE-20230626-0487.jpg (5650905 o)
[22-Jun-2026 16:30:43 Europe/Brussels] GTE READER - image_path: ././galleries/Chrono/2020-2024/2023/2023 07 - ISLANDE/2023 06 26 - Bakkagerdi/ISLANDE-20230626-0488.jpg
[22-Jun-2026 16:30:43 Europe/Brussels] GTE READER - file_exists: true
[22-Jun-2026 16:30:43 Europe/Brussels] GTE READER - exif_read_data disponible
[22-Jun-2026 16:30:43 Europe/Brussels] GTE READER - GPS trouvé via exif_read_data
[22-Jun-2026 16:30:43 Europe/Brussels] GTE READER - résultat final: {"latitude":65.52531955000603,"longitude":-13.808661966659324,"altitude":77}
[22-Jun-2026 16:30:43 Europe/Brussels] PDP_ORIG --- 2026-06-22 16:30:43 id=125597
[22-Jun-2026 16:30:43 Europe/Brussels] PDP_ORIG user=Charles status=webmaster
[22-Jun-2026 16:30:43 Europe/Brussels] PDP_ORIG image : {"id":"125597","path":".\/galleries\/Chrono\/2020-2024\/2023\/2023 07 - ISLANDE\/2023 06 26 - Bakkagerdi\/ISLANDE-20230626-0488.jpg"}
[22-Jun-2026 16:30:43 Europe/Brussels] PDP_ORIG file_path : ./galleries/Chrono/2020-2024/2023/2023 07 - ISLANDE/2023 06 26 - Bakkagerdi/ISLANDE-20230626-0488.jpg
[22-Jun-2026 16:30:43 Europe/Brussels] PDP_ORIG categories : [2796,2797]
[22-Jun-2026 16:30:43 Europe/Brussels] PDP_ORIG forbidden : [104,194,195,200,212,215,216,248,251,254,259,325,326,411,436,437,439,476,482,486,489,493,495,497,557,559,588,590,592,625,628,803,810,1065,2476,2486,2507,2508,2749,2751,2752,2753,2754,2755,2756,2757,2758,2759,3330,3333,3334,3349,3350,3403,3404,3405,3406,3407,3408,3409,3410,3411,3412,3413,3414,3415,3416,3417,3418,3419,3420,3421,3422,3423,3424]
[22-Jun-2026 16:30:43 Europe/Brussels] PDP_ORIG accessible : OUI
[22-Jun-2026 16:30:43 Europe/Brussels] PDP_ORIG OK ISLANDE-20230626-0488.jpg (5525327 o)
[22-Jun-2026 16:30:45 Europe/Brussels] PDP_ORIG --- 2026-06-22 16:30:45 id=125596
[22-Jun-2026 16:30:45 Europe/Brussels] PDP_ORIG user=Charles status=webmaster
[22-Jun-2026 16:30:45 Europe/Brussels] PDP_ORIG image : {"id":"125596","path":".\/galleries\/Chrono\/2020-2024\/2023\/2023 07 - ISLANDE\/2023 06 26 - Bakkagerdi\/ISLANDE-20230626-0487.jpg"}
[22-Jun-2026 16:30:45 Europe/Brussels] PDP_ORIG file_path : ./galleries/Chrono/2020-2024/2023/2023 07 - ISLANDE/2023 06 26 - Bakkagerdi/ISLANDE-20230626-0487.jpg
[22-Jun-2026 16:30:45 Europe/Brussels] PDP_ORIG categories : [2796,2797]
[22-Jun-2026 16:30:45 Europe/Brussels] PDP_ORIG forbidden : [104,194,195,200,212,215,216,248,251,254,259,325,326,411,436,437,439,476,482,486,489,493,495,497,557,559,588,590,592,625,628,803,810,1065,2476,2486,2507,2508,2749,2751,2752,2753,2754,2755,2756,2757,2758,2759,3330,3333,3334,3349,3350,3403,3404,3405,3406,3407,3408,3409,3410,3411,3412,3413,3414,3415,3416,3417,3418,3419,3420,3421,3422,3423,3424]
[22-Jun-2026 16:30:45 Europe/Brussels] PDP_ORIG accessible : OUI
[22-Jun-2026 16:30:45 Europe/Brussels] PDP_ORIG OK ISLANDE-20230626-0487.jpg (5650905 o)
[22-Jun-2026 16:33:17 Europe/Brussels] GTE READER - image_path: ././galleries/Chrono/2015-2019/2017/2017 11 25 - Vabre Béa Laurent Pierre/P1150333.JPG
[22-Jun-2026 16:33:17 Europe/Brussels] GTE READER - file_exists: true
[22-Jun-2026 16:33:17 Europe/Brussels] GTE READER - exif_read_data disponible
[22-Jun-2026 16:33:17 Europe/Brussels] GTE READER - exif_read_data: pas de GPS trouvé
[22-Jun-2026 16:33:17 Europe/Brussels] GTE READER - fallback Imagick disponible
[22-Jun-2026 16:33:17 Europe/Brussels] GTE READER - Imagick: pas de GPS trouvé
[22-Jun-2026 16:33:17 Europe/Brussels] GTE READER - résultat final: {"latitude":null,"longitude":null,"altitude":null}
[22-Jun-2026 16:33:17 Europe/Brussels] PDP_ORIG --- 2026-06-22 16:33:17 id=56369
[22-Jun-2026 16:33:17 Europe/Brussels] PDP_ORIG user=Charles status=webmaster
[22-Jun-2026 16:33:17 Europe/Brussels] PDP_ORIG image : {"id":"56369","path":".\/galleries\/Chrono\/2015-2019\/2017\/2017 11 25 - Vabre B\u00e9a Laurent Pierre\/P1150333.JPG"}
[22-Jun-2026 16:33:17 Europe/Brussels] PDP_ORIG file_path : ./galleries/Chrono/2015-2019/2017/2017 11 25 - Vabre Béa Laurent Pierre/P1150333.JPG
[22-Jun-2026 16:33:17 Europe/Brussels] PDP_ORIG categories : [913,2529,2691]
[22-Jun-2026 16:33:17 Europe/Brussels] PDP_ORIG forbidden : [104,194,195,200,212,215,216,248,251,254,259,325,326,411,436,437,439,476,482,486,489,493,495,497,557,559,588,590,592,625,628,803,810,1065,2476,2486,2507,2508,2749,2751,2752,2753,2754,2755,2756,2757,2758,2759,3330,3333,3334,3349,3350,3403,3404,3405,3406,3407,3408,3409,3410,3411,3412,3413,3414,3415,3416,3417,3418,3419,3420,3421,3422,3423,3424]
[22-Jun-2026 16:33:17 Europe/Brussels] PDP_ORIG accessible : OUI
[22-Jun-2026 16:33:17 Europe/Brussels] PDP_ORIG OK P1150333.JPG (7741551 o)
[22-Jun-2026 16:33:17 Europe/Brussels] GTE READER - image_path: ././galleries/Chrono/2015-2019/2017/2017 11 25 - Vabre Béa Laurent Pierre/P1150335.JPG
[22-Jun-2026 16:33:17 Europe/Brussels] GTE READER - file_exists: true
[22-Jun-2026 16:33:17 Europe/Brussels] GTE READER - exif_read_data disponible
[22-Jun-2026 16:33:17 Europe/Brussels] GTE READER - exif_read_data: pas de GPS trouvé
[22-Jun-2026 16:33:17 Europe/Brussels] GTE READER - fallback Imagick disponible
[22-Jun-2026 16:33:18 Europe/Brussels] GTE READER - Imagick: pas de GPS trouvé
[22-Jun-2026 16:33:18 Europe/Brussels] GTE READER - résultat final: {"latitude":null,"longitude":null,"altitude":null}
[22-Jun-2026 16:33:18 Europe/Brussels] PDP_ORIG --- 2026-06-22 16:33:18 id=56371
[22-Jun-2026 16:33:18 Europe/Brussels] PDP_ORIG user=Charles status=webmaster
[22-Jun-2026 16:33:18 Europe/Brussels] PDP_ORIG image : {"id":"56371","path":".\/galleries\/Chrono\/2015-2019\/2017\/2017 11 25 - Vabre B\u00e9a Laurent Pierre\/P1150335.JPG"}
[22-Jun-2026 16:33:18 Europe/Brussels] PDP_ORIG file_path : ./galleries/Chrono/2015-2019/2017/2017 11 25 - Vabre Béa Laurent Pierre/P1150335.JPG
[22-Jun-2026 16:33:18 Europe/Brussels] PDP_ORIG categories : [913,2529,2691]
[22-Jun-2026 16:33:18 Europe/Brussels] PDP_ORIG forbidden : [104,194,195,200,212,215,216,248,251,254,259,325,326,411,436,437,439,476,482,486,489,493,495,497,557,559,588,590,592,625,628,803,810,1065,2476,2486,2507,2508,2749,2751,2752,2753,2754,2755,2756,2757,2758,2759,3330,3333,3334,3349,3350,3403,3404,3405,3406,3407,3408,3409,3410,3411,3412,3413,3414,3415,3416,3417,3418,3419,3420,3421,3422,3423,3424]
[22-Jun-2026 16:33:18 Europe/Brussels] PDP_ORIG accessible : OUI
[22-Jun-2026 16:33:18 Europe/Brussels] PDP_ORIG OK P1150335.JPG (7091945 o)
[22-Jun-2026 16:33:46 Europe/Brussels] PDP_ORIG --- 2026-06-22 16:33:46 id=56369
[22-Jun-2026 16:33:46 Europe/Brussels] PDP_ORIG user=Charles status=webmaster
[22-Jun-2026 16:33:46 Europe/Brussels] PDP_ORIG image : {"id":"56369","path":".\/galleries\/Chrono\/2015-2019\/2017\/2017 11 25 - Vabre B\u00e9a Laurent Pierre\/P1150333.JPG"}
[22-Jun-2026 16:33:46 Europe/Brussels] PDP_ORIG file_path : ./galleries/Chrono/2015-2019/2017/2017 11 25 - Vabre Béa Laurent Pierre/P1150333.JPG
[22-Jun-2026 16:33:46 Europe/Brussels] PDP_ORIG categories : [913,2529,2691]
[22-Jun-2026 16:33:46 Europe/Brussels] PDP_ORIG forbidden : [104,194,195,200,212,215,216,248,251,254,259,325,326,411,436,437,439,476,482,486,489,493,495,497,557,559,588,590,592,625,628,803,810,1065,2476,2486,2507,2508,2749,2751,2752,2753,2754,2755,2756,2757,2758,2759,3330,3333,3334,3349,3350,3403,3404,3405,3406,3407,3408,3409,3410,3411,3412,3413,3414,3415,3416,3417,3418,3419,3420,3421,3422,3423,3424]
[22-Jun-2026 16:33:46 Europe/Brussels] PDP_ORIG accessible : OUI
[22-Jun-2026 16:34:01 Europe/Brussels] PDP_ORIG --- 2026-06-22 16:34:01 id=56369
[22-Jun-2026 16:34:01 Europe/Brussels] PDP_ORIG user=visiteur status=guest
[22-Jun-2026 16:34:01 Europe/Brussels] PDP_ORIG image : {"id":"56369","path":".\/galleries\/Chrono\/2015-2019\/2017\/2017 11 25 - Vabre B\u00e9a Laurent Pierre\/P1150333.JPG"}
[22-Jun-2026 16:34:01 Europe/Brussels] PDP_ORIG file_path : ./galleries/Chrono/2015-2019/2017/2017 11 25 - Vabre Béa Laurent Pierre/P1150333.JPG
[22-Jun-2026 16:34:01 Europe/Brussels] PDP_ORIG categories : [913,2529,2691]
[22-Jun-2026 16:34:01 Europe/Brussels] PDP_ORIG forbidden : [1,2,3,17,19,20,21,23,43,44,45,46,47,49,51,52,54,56,57,59,61,62,63,64,66,68,69,70,71,72,73,74,75,76,77,79,81,82,83,84,85,87,97,101,102,103,104,105,106,107,109,111,112,114,116,118,120,125,127,129,130,131,133,135,137,139,140,141,142,143,145,147,149,151,153,155,156,157,158,159,160,162,163,164,165,166,168,170,171,172,173,176,177,178,181,182,183,184,185,186,187,189,190,191,192,194,195,197,198,199,200,201,202,212,213,215,216,218,219,221,223,225,234,235,238,244,248,250,251,254,256,257,259,277,278,279,281,283,285,286,288,290,292,294,296,298,300,302,304,306,308,310,323,324,325,326,328,403,404,405,407,410,411,412,413,414,416,418,420,422,424,426,428,430,432,434,436,437,439,443,444,446,448,450,452,454,456,458,460,462,464,466,468,469,470,471,472,476,477,478,480,481,482,483,485,486,487,489,493,495,497,500,501,503,505,507,509,511,513,515,517,519,521,523,525,527,529,548,549,550,552,553,557,559,561,562,564,566,568,570,572,574,576,578,579,580,581,582,584,586,588,590,591,592,594,595,598,599,600,601,603,605,607,609,611,613,614,620,622,623,625,626,627,628,629,631,632,634,635,636,637,638,639,646,647,648,649,650,654,656,660,663,664,666,668,669,671,672,673,674,675,677,679,681,683,685,687,689,691,693,695,697,699,701,703,704,705,706,707,708,709,710,711,716,717,719,721,722,723,725,727,728,729,731,735,743,744,746,748,750,752,754,756,758,760,762,764,766,768,774,776,778,779,780,781,784,785,787,789,793,795,797,799,800,803,808,810,811,814,816,819,820,822,824,827,829,831,832,833,835,836,837,840,842,846,849,850,851,853,859,861,863,865,867,869,871,873,875,877,879,881,883,885,887,890,891,892,895,896,898,900,902,904,908,910,912,913,916,918,920,921,922,925,931,934,939,943,948,953,954,957,961,965,970,974,975,976,977,981,985,986,987,988,990,992,993,995,996,999,1001,1003,1005,1007,1009,1011,1013,1014,1019,1020,1022,1024,1028,1029,1030,1032,1034,1036,1038,1040,1042,1044,1046,1048,1050,1051,1055,1057,1058,1060,1062,1065,1066,1067,1068,1069,1070,1072,1074,1077,1078,1080,1082,1084,1086,1088,1090,1092,1094,1096,1098,1105,1106,1108,1110,1112,1114,1116,1118,1126,1128,1130,1132,1134,1136,1137,1138,1139,1142,1144,1146,1149,1151,1153,1155,1157,1160,1163,1165,1168,1171,1172,1173,1176,1177,1178,1179,1183,1184,1185,1186,1187,1188,1189,1193,1194,1196,1197,1199,1202,1204,1206,1208,1211,1213,1215,1217,1221,1223,1226,1229,1232,1234,1236,1239,1243,1246,1275,1278,1282,1286,1288,1293,1295,1299,1300,1302,1691,1692,1693,1694,1695,1696,1697,1698,1750,1774,1775,1776,1777,1778,1779,1780,1781,1783,1784,1785,1786,1787,1788,1789,1790,1791,1792,1793,1794,1795,1796,1797,1798,1799,1800,1801,1802,1803,1804,1805,1806,1807,1808,1809,1810,1811,1812,1813,1814,1815,1816,1817,1818,1819,1820,1821,1822,1823,1824,1825,1826,1827,1828,1829,1830,1831,1832,1833,1834,1835,1836,1837,1838,1886,1891,1892,1893,1894,1895,1902,1903,1904,1905,1906,1907,1908,1909,1911,1912,1913,1914,1915,1918,1919,1920,3475,1931,1932,1933,1934,1935,1936,1937,1939,1940,1941,1942,1943,1947,1948,1949,1950,1951,1952,1953,1954,1955,1956,1957,1958,1959,1960,1961,1962,1963,1964,1965,1966,1967,1968,1969,1970,1971,1972,1973,1974,1975,1976,1977,1978,1989,1990,2005,2006,2007,2008,2009,2010,2011,2012,2013,2014,2015,2016,2052,2053,2054,2055,2056,2057,2058,2059,2060,2061,2062,2063,2064,2065,2066,2069,2240,2241,2242,2243,2244,2269,2270,2271,2272,2273,2274,2275,2276,2277,2278,2290,2291,2292,2293,2294,2295,2296,2298,2299,2300,2301,2303,2304,2317,2319,2320,2321,2322,2323,2324,2325,2326,2327,2328,2329,2330,2331,2332,2333,2334,2335,2336,2337,2338,2339,2340,2341,2342,2343,2344,2345,2347,2348,2349,2350,2374,2375,2377,2378,2379,2380,2381,2382,2383,2384,2385,2386,2387,2388,2389,2390,2391,2392,2393,2394,2395,2397,2398,2399,2400,2409,2410,2411,2412,2413,2414,2415,2416,2417,2418,2419,2420,2421,2422,2423,2424,2425,2426,2427,2428,2429,2430,2431,2432,2433,2434,2435,2436,2437,2438,2439,2440,2441,2442,2444,2445,2446,2447,2448,2449,2450,2451,2452,2453,2454,2455,2456,2457,2458,2459,2461,2462,2463,2464,2465,2466,2467,2468,2469,2470,2471,2472,2473,2474,2475,2476,2477,2478,2479,2480,2481,2482,2483,2484,2485,2486,2487,2488,2489,2490,2491,2492,2493,2494,2495,2496,2497,2498,2499,2500,2501,2502,2503,2504,2505,2506,2507,2508,2509,2510,2511,2512,2513,2514,2515,2516,2517,2529,2531,2540,2674,2675,2676,2677,2678,2679,2681,2682,2683,2684,2686,2687,2688,2689,2690,2691,2700,2701,2702,2710,2711,2712,2713,2714,2719,2720,2723,2724,2725,2726,2727,2728,2729,2733,2735,2736,2737,2738,2739,2740,2741,2742,2743,2749,2751,2752,2753,2754,2755,2756,2757,2758,2759,2761,2762,2763,2764,2765,2766,2767,2768,2769,2770,2771,2772,2773,2774,2775,2776,2777,2778,2779,2780,2781,2782,2783,2784,2785,2786,2787,2790,2791,2793,2796,2798,2799,2802,2807,2809,2810,2813,2814,2815,2818,2820,2822,2823,2824,2825,2827,2829,2830,2831,2833,2834,2836,2837,2838,2840,2842,2843,2845,2847,2849,2850,2851,2852,2853,2856,2857,2858,2859,2860,2861,2869,2871,2872,2873,2874,2878,2879,2880,2881,2882,2883,2884,2885,2886,2887,2888,2897,2898,2899,2901,2907,2909,2926,2929,2933,2935,2937,2938,2939,2940,2941,2942,2943,2944,2945,2947,2948,2949,2963,2964,2965,2966,2967,2968,2969,2994,2995,2996,2998,2999,3000,3001,3002,3003,3004,3005,3006,3007,3008,3009,3010,3012,3013,3018,3020,3023,3024,3026,3027,3028,3029,3030,3036,3037,3042,3043,3044,3045,3046,3047,3048,3049,3050,3051,3052,3054,3055,3056,3057,3058,3059,3060,3061,3062,3081,3087,3088,3090,3092,3093,3094,3095,3096,3097,3098,3099,3100,3101,3102,3103,3104,3105,3106,3107,3108,3109,3110,3112,3113,3114,3115,3116,3117,3118,3119,3120,3121,3122,3123,3124,3125,3126,3127,3128,3129,3130,3131,3132,3133,3134,3135,3136,3137,3139,3141,3142,3143,3145,3146,3147,3148,3149,3150,3151,3152,3153,3154,3155,3156,3157,3158,3159,3160,3161,3162,3163,3164,3165,3166,3167,3168,3169,3170,3171,3172,3173,3174,3175,3176,3177,3178,3179,3180,3181,3183,3184,3185,3206,3330,3333,3334,3349,3350,3352,3353,3354,3355,3356,3357,3358,3359,3361,3362,3363,3364,3365,3366,3367,3368,3369,3370,3371,3372,3374,3375,3376,3378,3379,3380,3381,3382,3384,3385,3386,3387,3391,3392,3393,3394,3396,3397,3398,3399,3400,3401,3402,3403,3404,3405,3406,3407,3408,3409,3410,3411,3412,3413,3414,3415,3416,3417,3418,3419,3420,3421,3422,3423,3424,3425,3426,3427,3428,3429,3430,3476,3477]
[22-Jun-2026 16:34:01 Europe/Brussels] PDP_ORIG accessible : NON
[22-Jun-2026 16:34:01 Europe/Brussels] PDP_ORIG DENY 403 accès refusé
[22-Jun-2026 16:37:39 Europe/Brussels] PDP_ORIG --- 2026-06-22 16:37:39 id=56369
[22-Jun-2026 16:37:39 Europe/Brussels] PDP_ORIG user=Charles status=webmaster
[22-Jun-2026 16:37:39 Europe/Brussels] PDP_ORIG image : {"id":"56369","path":".\/galleries\/Chrono\/2015-2019\/2017\/2017 11 25 - Vabre B\u00e9a Laurent Pierre\/P1150333.JPG"}
[22-Jun-2026 16:37:39 Europe/Brussels] PDP_ORIG file_path : ./galleries/Chrono/2015-2019/2017/2017 11 25 - Vabre Béa Laurent Pierre/P1150333.JPG
[22-Jun-2026 16:37:39 Europe/Brussels] PDP_ORIG categories : [913,2529,2691]
[22-Jun-2026 16:37:39 Europe/Brussels] PDP_ORIG forbidden : [104,194,195,200,212,215,216,248,251,254,259,325,326,411,436,437,439,476,482,486,489,493,495,497,557,559,588,590,592,625,628,803,810,1065,2476,2486,2507,2508,2749,2751,2752,2753,2754,2755,2756,2757,2758,2759,3330,3333,3334,3349,3350,3403,3404,3405,3406,3407,3408,3409,3410,3411,3412,3413,3414,3415,3416,3417,3418,3419,3420,3421,3422,3423,3424]
[22-Jun-2026 16:37:39 Europe/Brussels] PDP_ORIG accessible : OUI
[22-Jun-2026 16:37:39 Europe/Brussels] PDP_ORIG OK P1150333.JPG (7741551 o)
[22-Jun-2026 16:38:12 Europe/Brussels] PDP_ORIG --- 2026-06-22 16:38:12 id=56369
[22-Jun-2026 16:38:12 Europe/Brussels] PDP_ORIG user=visiteur status=guest
[22-Jun-2026 16:38:12 Europe/Brussels] PDP_ORIG image : {"id":"56369","path":".\/galleries\/Chrono\/2015-2019\/2017\/2017 11 25 - Vabre B\u00e9a Laurent Pierre\/P1150333.JPG"}
[22-Jun-2026 16:38:12 Europe/Brussels] PDP_ORIG file_path : ./galleries/Chrono/2015-2019/2017/2017 11 25 - Vabre Béa Laurent Pierre/P1150333.JPG
[22-Jun-2026 16:38:12 Europe/Brussels] PDP_ORIG categories : [913,2529,2691]
[22-Jun-2026 16:38:12 Europe/Brussels] PDP_ORIG forbidden : [1,2,3,17,19,20,21,23,43,44,45,46,47,49,51,52,54,56,57,59,61,62,63,64,66,68,69,70,71,72,73,74,75,76,77,79,81,82,83,84,85,87,97,101,102,103,104,105,106,107,109,111,112,114,116,118,120,125,127,129,130,131,133,135,137,139,140,141,142,143,145,147,149,151,153,155,156,157,158,159,160,162,163,164,165,166,168,170,171,172,173,176,177,178,181,182,183,184,185,186,187,189,190,191,192,194,195,197,198,199,200,201,202,212,213,215,216,218,219,221,223,225,234,235,238,244,248,250,251,254,256,257,259,277,278,279,281,283,285,286,288,290,292,294,296,298,300,302,304,306,308,310,323,324,325,326,328,403,404,405,407,410,411,412,413,414,416,418,420,422,424,426,428,430,432,434,436,437,439,443,444,446,448,450,452,454,456,458,460,462,464,466,468,469,470,471,472,476,477,478,480,481,482,483,485,486,487,489,493,495,497,500,501,503,505,507,509,511,513,515,517,519,521,523,525,527,529,548,549,550,552,553,557,559,561,562,564,566,568,570,572,574,576,578,579,580,581,582,584,586,588,590,591,592,594,595,598,599,600,601,603,605,607,609,611,613,614,620,622,623,625,626,627,628,629,631,632,634,635,636,637,638,639,646,647,648,649,650,654,656,660,663,664,666,668,669,671,672,673,674,675,677,679,681,683,685,687,689,691,693,695,697,699,701,703,704,705,706,707,708,709,710,711,716,717,719,721,722,723,725,727,728,729,731,735,743,744,746,748,750,752,754,756,758,760,762,764,766,768,774,776,778,779,780,781,784,785,787,789,793,795,797,799,800,803,808,810,811,814,816,819,820,822,824,827,829,831,832,833,835,836,837,840,842,846,849,850,851,853,859,861,863,865,867,869,871,873,875,877,879,881,883,885,887,890,891,892,895,896,898,900,902,904,908,910,912,913,916,918,920,921,922,925,931,934,939,943,948,953,954,957,961,965,970,974,975,976,977,981,985,986,987,988,990,992,993,995,996,999,1001,1003,1005,1007,1009,1011,1013,1014,1019,1020,1022,1024,1028,1029,1030,1032,1034,1036,1038,1040,1042,1044,1046,1048,1050,1051,1055,1057,1058,1060,1062,1065,1066,1067,1068,1069,1070,1072,1074,1077,1078,1080,1082,1084,1086,1088,1090,1092,1094,1096,1098,1105,1106,1108,1110,1112,1114,1116,1118,1126,1128,1130,1132,1134,1136,1137,1138,1139,1142,1144,1146,1149,1151,1153,1155,1157,1160,1163,1165,1168,1171,1172,1173,1176,1177,1178,1179,1183,1184,1185,1186,1187,1188,1189,1193,1194,1196,1197,1199,1202,1204,1206,1208,1211,1213,1215,1217,1221,1223,1226,1229,1232,1234,1236,1239,1243,1246,1275,1278,1282,1286,1288,1293,1295,1299,1300,1302,1691,1692,1693,1694,1695,1696,1697,1698,1750,1774,1775,1776,1777,1778,1779,1780,1781,1783,1784,1785,1786,1787,1788,1789,1790,1791,1792,1793,1794,1795,1796,1797,1798,1799,1800,1801,1802,1803,1804,1805,1806,1807,1808,1809,1810,1811,1812,1813,1814,1815,1816,1817,1818,1819,1820,1821,1822,1823,1824,1825,1826,1827,1828,1829,1830,1831,1832,1833,1834,1835,1836,1837,1838,1886,1891,1892,1893,1894,1895,1902,1903,1904,1905,1906,1907,1908,1909,1911,1912,1913,1914,1915,1918,1919,1920,3475,1931,1932,1933,1934,1935,1936,1937,1939,1940,1941,1942,1943,1947,1948,1949,1950,1951,1952,1953,1954,1955,1956,1957,1958,1959,1960,1961,1962,1963,1964,1965,1966,1967,1968,1969,1970,1971,1972,1973,1974,1975,1976,1977,1978,1989,1990,2005,2006,2007,2008,2009,2010,2011,2012,2013,2014,2015,2016,2052,2053,2054,2055,2056,2057,2058,2059,2060,2061,2062,2063,2064,2065,2066,2069,2240,2241,2242,2243,2244,2269,2270,2271,2272,2273,2274,2275,2276,2277,2278,2290,2291,2292,2293,2294,2295,2296,2298,2299,2300,2301,2303,2304,2317,2319,2320,2321,2322,2323,2324,2325,2326,2327,2328,2329,2330,2331,2332,2333,2334,2335,2336,2337,2338,2339,2340,2341,2342,2343,2344,2345,2347,2348,2349,2350,2374,2375,2377,2378,2379,2380,2381,2382,2383,2384,2385,2386,2387,2388,2389,2390,2391,2392,2393,2394,2395,2397,2398,2399,2400,2409,2410,2411,2412,2413,2414,2415,2416,2417,2418,2419,2420,2421,2422,2423,2424,2425,2426,2427,2428,2429,2430,2431,2432,2433,2434,2435,2436,2437,2438,2439,2440,2441,2442,2444,2445,2446,2447,2448,2449,2450,2451,2452,2453,2454,2455,2456,2457,2458,2459,2461,2462,2463,2464,2465,2466,2467,2468,2469,2470,2471,2472,2473,2474,2475,2476,2477,2478,2479,2480,2481,2482,2483,2484,2485,2486,2487,2488,2489,2490,2491,2492,2493,2494,2495,2496,2497,2498,2499,2500,2501,2502,2503,2504,2505,2506,2507,2508,2509,2510,2511,2512,2513,2514,2515,2516,2517,2529,2531,2540,2674,2675,2676,2677,2678,2679,2681,2682,2683,2684,2686,2687,2688,2689,2690,2691,2700,2701,2702,2710,2711,2712,2713,2714,2719,2720,2723,2724,2725,2726,2727,2728,2729,2733,2735,2736,2737,2738,2739,2740,2741,2742,2743,2749,2751,2752,2753,2754,2755,2756,2757,2758,2759,2761,2762,2763,2764,2765,2766,2767,2768,2769,2770,2771,2772,2773,2774,2775,2776,2777,2778,2779,2780,2781,2782,2783,2784,2785,2786,2787,2790,2791,2793,2796,2798,2799,2802,2807,2809,2810,2813,2814,2815,2818,2820,2822,2823,2824,2825,2827,2829,2830,2831,2833,2834,2836,2837,2838,2840,2842,2843,2845,2847,2849,2850,2851,2852,2853,2856,2857,2858,2859,2860,2861,2869,2871,2872,2873,2874,2878,2879,2880,2881,2882,2883,2884,2885,2886,2887,2888,2897,2898,2899,2901,2907,2909,2926,2929,2933,2935,2937,2938,2939,2940,2941,2942,2943,2944,2945,2947,2948,2949,2963,2964,2965,2966,2967,2968,2969,2994,2995,2996,2998,2999,3000,3001,3002,3003,3004,3005,3006,3007,3008,3009,3010,3012,3013,3018,3020,3023,3024,3026,3027,3028,3029,3030,3036,3037,3042,3043,3044,3045,3046,3047,3048,3049,3050,3051,3052,3054,3055,3056,3057,3058,3059,3060,3061,3062,3081,3087,3088,3090,3092,3093,3094,3095,3096,3097,3098,3099,3100,3101,3102,3103,3104,3105,3106,3107,3108,3109,3110,3112,3113,3114,3115,3116,3117,3118,3119,3120,3121,3122,3123,3124,3125,3126,3127,3128,3129,3130,3131,3132,3133,3134,3135,3136,3137,3139,3141,3142,3143,3145,3146,3147,3148,3149,3150,3151,3152,3153,3154,3155,3156,3157,3158,3159,3160,3161,3162,3163,3164,3165,3166,3167,3168,3169,3170,3171,3172,3173,3174,3175,3176,3177,3178,3179,3180,3181,3183,3184,3185,3206,3330,3333,3334,3349,3350,3352,3353,3354,3355,3356,3357,3358,3359,3361,3362,3363,3364,3365,3366,3367,3368,3369,3370,3371,3372,3374,3375,3376,3378,3379,3380,3381,3382,3384,3385,3386,3387,3391,3392,3393,3394,3396,3397,3398,3399,3400,3401,3402,3403,3404,3405,3406,3407,3408,3409,3410,3411,3412,3413,3414,3415,3416,3417,3418,3419,3420,3421,3422,3423,3424,3425,3426,3427,3428,3429,3430,3476,3477]
[22-Jun-2026 16:38:12 Europe/Brussels] PDP_ORIG accessible : NON
[22-Jun-2026 16:38:12 Europe/Brussels] PDP_ORIG DENY 403 accès refusé
